<?xml version="1.0" encoding="UTF-8"?>
<!-- Generated by org.testng.reporters.JUnitReportReporter -->
<testsuite skipped="0" hostname="A2ML16749" name="com.mindtree.autotoursdemo.scripts.SIGNONScript" tests="1" failures="0" timestamp="07 Aug 2017 09:01:58 GMT" time="16.103" errors="0">
  <testcase name="signOn" time="16.103" classname="com.mindtree.autotoursdemo.scripts.SIGNONScript"/>
</testsuite> <!-- com.mindtree.autotoursdemo.scripts.SIGNONScript -->
