<?xml version="1.0" encoding="UTF-8"?>
<!-- Generated by org.testng.reporters.JUnitReportReporter -->
<testsuite skipped="0" hostname="A2ML16749" name="com.mindtree.autotoursdemo.scripts.Registerscript" tests="1" failures="0" timestamp="08 Aug 2017 05:15:31 GMT" time="16.212" errors="0">
  <testcase name="register" time="16.212" classname="com.mindtree.autotoursdemo.scripts.Registerscript"/>
</testsuite> <!-- com.mindtree.autotoursdemo.scripts.Registerscript -->
